<?xml version="1.0" encoding="UTF-8"?>
<!-- Generated by org.testng.reporters.JUnitReportReporter -->
<testsuite hostname="DESKTOP-UOOK2F9" name="demo.ExtentReportDemo2" tests="1" failures="0" timestamp="6 Mar 2021 19:14:11 GMT" time="4.249" errors="0">
  <testcase name="loginTest" time="4.249" classname="demo.ExtentReportDemo2"/>
</testsuite> <!-- demo.ExtentReportDemo2 -->
