<?xml version="1.0" encoding="UTF-8"?>
<!-- Generated by org.testng.reporters.JUnitReportReporter -->
<testsuite hostname="DESKTOP-UOOK2F9" name="demo.ExtentReportDemo" tests="1" failures="0" timestamp="6 Mar 2021 08:06:00 GMT" time="0.690" errors="0">
  <testcase name="loginTest" time="0.690" classname="demo.ExtentReportDemo"/>
</testsuite> <!-- demo.ExtentReportDemo -->
