<?xml version="1.0" encoding="UTF-8"?>
<!-- Generated by org.testng.reporters.JUnitReportReporter -->
<testsuite name="demo.ExtentReportDemo" tests="1" time="0.515" ignored="0" failures="0" timestamp="03 Feb 2021 17:26:15 GMT" skipped="0" hostname="DESKTOP-UOOK2F9" errors="0">
  <testcase name="loginTest" time="0.515" classname="demo.ExtentReportDemo"/>
</testsuite> <!-- demo.ExtentReportDemo -->
