<?xml version="1.0" encoding="UTF-8"?>
<!-- Generated by org.testng.reporters.JUnitReportReporter -->
<testsuite name="demo.ExtentReportDemo2" tests="1" time="4.115" ignored="0" failures="0" timestamp="07 Mar 2021 09:49:35 GMT" skipped="0" hostname="DESKTOP-UOOK2F9" errors="0">
  <testcase name="loginTest" time="4.115" classname="demo.ExtentReportDemo2"/>
</testsuite> <!-- demo.ExtentReportDemo2 -->
