<?xml version="1.0" encoding="UTF-8"?>
<!-- Generated by org.testng.reporters.JUnitReportReporter -->
<testsuite name="demo.ExtentReportDemo2" tests="1" time="6.157" ignored="0" failures="0" timestamp="22 Feb 2021 06:02:47 GMT" skipped="0" hostname="DESKTOP-UOOK2F9" errors="0">
  <testcase name="loginTest" time="6.157" classname="demo.ExtentReportDemo2"/>
</testsuite> <!-- demo.ExtentReportDemo2 -->
