<?xml version="1.0" encoding="UTF-8"?>
<!-- Generated by org.testng.reporters.JUnitReportReporter -->
<testsuite ignored="0" hostname="DESKTOP-UOOK2F9" failures="0" tests="1" name="demo.ExtentReportDemo2" time="3.624" errors="0" timestamp="27 Feb 2021 08:33:28 GMT" skipped="0">
  <testcase classname="demo.ExtentReportDemo2" name="loginTest" time="3.624"/>
</testsuite> <!-- demo.ExtentReportDemo2 -->
